[main] INFO MapLogikCucumber - ***** Launching Browers *****
[main] INFO MapLogikCucumber - ***** Opening URL *****
[main] INFO MapLogikCucumber - ***** Enter Admin Details *****
[main] INFO MapLogikCucumber - ***** Login into the page *****
[main] INFO MapLogikCucumber - ***** Check the title *****
[main] INFO MapLogikCucumber - ***** Launching Browers *****
[main] INFO MapLogikCucumber - ***** Opening URL *****
[main] INFO MapLogikCucumber - ***** Enter Admin Details *****
[main] INFO MapLogikCucumber - ***** Login into the page *****
[main] INFO MapLogikCucumber - ***** Check the title *****
[main] INFO MapLogikCucumber - ***** Launching Browers *****
[main] INFO MapLogikCucumber - ***** Opening URL *****
[main] INFO MapLogikCucumber - ***** Enter Admin Details *****
[main] INFO MapLogikCucumber - ***** Login into the page *****
[main] INFO MapLogikCucumber - ***** Check the title *****
[main] INFO MapLogikCucumber - ***** Launching Browers *****
[main] INFO MapLogikCucumber - ***** Opening URL *****
[main] INFO MapLogikCucumber - ***** Enter Admin Details *****
[main] INFO MapLogikCucumber - ***** Login into the page *****
[main] INFO MapLogikCucumber - ***** Clicking Skill Enhancement *****
[main] INFO MapLogikCucumber - ***** Clicking All Trainings *****
[main] INFO MapLogikCucumber - ***** Clicking Add New Training *****
[main] INFO MapLogikCucumber - ***** Entering Training Details *****
[main] INFO MapLogikCucumber - ***** Launching Browers *****
[main] INFO MapLogikCucumber - ***** Opening URL *****
[main] INFO MapLogikCucumber - ***** Enter Admin Details *****
[main] INFO MapLogikCucumber - ***** Login into the page *****
[main] INFO MapLogikCucumber - ***** Clicking Skill Enhancement *****
[main] INFO MapLogikCucumber - ***** Clicking All Trainings *****
[main] INFO MapLogikCucumber - ***** Clicking Add Assessment *****
[main] INFO MapLogikCucumber - ***** Launching Browers *****
[main] INFO MapLogikCucumber - ***** Opening URL *****
[main] INFO MapLogikCucumber - ***** Enter Admin Details *****
[main] INFO MapLogikCucumber - ***** Login into the page *****
[main] INFO MapLogikCucumber - ***** Clicking Skill Enhancement *****
[main] INFO MapLogikCucumber - ***** Clicking All Trainings *****
[main] INFO MapLogikCucumber - ***** Clicking Add New Training *****
[main] INFO MapLogikCucumber - ***** Entering Training Details *****
[main] INFO MapLogikCucumber - ***** Launching Browers *****
[main] INFO MapLogikCucumber - ***** Opening URL *****
[main] INFO MapLogikCucumber - ***** Launching Browers *****
[main] INFO MapLogikCucumber - ***** Opening URL *****
[main] INFO MapLogikCucumber - ***** Enter Admin Details *****
[main] INFO MapLogikCucumber - ***** Login into the page *****
[main] INFO MapLogikCucumber - ***** Clicking Skill Enhancement *****
[main] INFO MapLogikCucumber - ***** Clicking All Trainings *****
[main] INFO MapLogikCucumber - ***** Clicking Add New Training *****
[main] INFO MapLogikCucumber - ***** Entering Training Details *****
[main] INFO MapLogikCucumber - ***** Launching Browers *****
[main] INFO MapLogikCucumber - ***** Opening URL *****
[main] INFO MapLogikCucumber - ***** Enter Admin Details *****
[main] INFO MapLogikCucumber - ***** Launching Browers *****
[main] INFO MapLogikCucumber - ***** Opening URL *****
[main] INFO MapLogikCucumber - ***** Enter Admin Details *****
[main] INFO MapLogikCucumber - ***** Login into the page *****
[main] INFO MapLogikCucumber - ***** Clicking Skill Enhancement *****
[main] INFO MapLogikCucumber - ***** Clicking All Trainings *****
[main] INFO MapLogikCucumber - ***** Clicking Add New Training *****
[main] INFO MapLogikCucumber - ***** Entering Training Details *****
[main] INFO MapLogikCucumber - ***** Launching Browers *****
[main] INFO MapLogikCucumber - ***** Opening URL *****
[main] INFO MapLogikCucumber - ***** Enter Admin Details *****
[main] INFO MapLogikCucumber - ***** Launching Browers *****
[main] INFO MapLogikCucumber - ***** Opening URL *****
[main] INFO MapLogikCucumber - ***** Enter Admin Details *****
[main] INFO MapLogikCucumber - ***** Login into the page *****
[main] INFO MapLogikCucumber - ***** Clicking Skill Enhancement *****
[main] INFO MapLogikCucumber - ***** Clicking All Trainings *****
[main] INFO MapLogikCucumber - ***** Clicking Add New Training *****
[main] INFO MapLogikCucumber - ***** Entering Training Details *****
[main] INFO MapLogikCucumber - ***** Launching Browers *****
[main] INFO MapLogikCucumber - ***** Opening URL *****
[main] INFO MapLogikCucumber - ***** Enter Admin Details *****
[main] INFO MapLogikCucumber - ***** Launching Browers *****
[main] INFO MapLogikCucumber - ***** Opening URL *****
[main] INFO MapLogikCucumber - ***** Enter Admin Details *****
[main] INFO MapLogikCucumber - ***** Login into the page *****
[main] INFO MapLogikCucumber - ***** Clicking Skill Enhancement *****
[main] INFO MapLogikCucumber - ***** Clicking All Trainings *****
[main] INFO MapLogikCucumber - ***** Clicking Add New Training *****
[main] INFO MapLogikCucumber - ***** Entering Training Details *****
[main] INFO MapLogikCucumber - ***** Launching Browers *****
[main] INFO MapLogikCucumber - ***** Opening URL *****
[main] INFO MapLogikCucumber - ***** Enter Admin Details *****
[main] INFO MapLogikCucumber - ***** Launching Browers *****
[main] INFO MapLogikCucumber - ***** Opening URL *****
[main] INFO MapLogikCucumber - ***** Enter Admin Details *****
[main] INFO MapLogikCucumber - ***** Login into the page *****
[main] INFO MapLogikCucumber - ***** Clicking Skill Enhancement *****
[main] INFO MapLogikCucumber - ***** Clicking All Trainings *****
[main] INFO MapLogikCucumber - ***** Clicking Add New Training *****
[main] INFO MapLogikCucumber - ***** Entering Training Details *****
[main] INFO MapLogikCucumber - ***** Launching Browers *****
[main] INFO MapLogikCucumber - ***** Opening URL *****
[main] INFO MapLogikCucumber - ***** Enter Admin Details *****
[main] INFO MapLogikCucumber - ***** Login into the page *****
[main] INFO MapLogikCucumber - ***** Clicking Skill Enhancement *****
[main] INFO MapLogikCucumber - ***** Clicking All Trainings *****
[main] INFO MapLogikCucumber - ***** Clicking Add Assessment *****
[main] INFO MapLogikCucumber - ***** Launching Browers *****
[main] INFO MapLogikCucumber - ***** Opening URL *****
[main] INFO MapLogikCucumber - ***** Enter Admin Details *****
[main] INFO MapLogikCucumber - ***** Login into the page *****
[main] INFO MapLogikCucumber - ***** Clicking Skill Enhancement *****
[main] INFO MapLogikCucumber - ***** Clicking All Trainings *****
[main] INFO MapLogikCucumber - ***** Clicking Add New Training *****
[main] INFO MapLogikCucumber - ***** Entering Training Details *****
[main] INFO MapLogikCucumber - ***** Launching Browers *****
[main] INFO MapLogikCucumber - ***** Opening URL *****
[main] INFO MapLogikCucumber - ***** Enter Admin Details *****
[main] INFO MapLogikCucumber - ***** Launching Browers *****
[main] INFO MapLogikCucumber - ***** Opening URL *****
[main] INFO MapLogikCucumber - ***** Enter Admin Details *****
[main] INFO MapLogikCucumber - ***** Login into the page *****
[main] INFO MapLogikCucumber - ***** Clicking Skill Enhancement *****
[main] INFO MapLogikCucumber - ***** Clicking All Trainings *****
[main] INFO MapLogikCucumber - ***** Clicking Add New Training *****
[main] INFO MapLogikCucumber - ***** Entering Training Details *****
[main] INFO MapLogikCucumber - ***** Launching Browers *****
[main] INFO MapLogikCucumber - ***** Opening URL *****
[main] INFO MapLogikCucumber - ***** Enter Admin Details *****
[main] INFO MapLogikCucumber - ***** Login into the page *****
[main] INFO MapLogikCucumber - ***** Clicking Skill Enhancement *****
[main] INFO MapLogikCucumber - ***** Launching Browers *****
[main] INFO MapLogikCucumber - ***** Opening URL *****
[main] INFO MapLogikCucumber - ***** Enter Admin Details *****
[main] INFO MapLogikCucumber - ***** Login into the page *****
[main] INFO MapLogikCucumber - ***** Clicking Skill Enhancement *****
[main] INFO MapLogikCucumber - ***** Clicking All Trainings *****
[main] INFO MapLogikCucumber - ***** Clicking Add New Training *****
[main] INFO MapLogikCucumber - ***** Entering Training Details *****
[main] INFO MapLogikCucumber - ***** Launching Browers *****
[main] INFO MapLogikCucumber - ***** Opening URL *****
[main] INFO MapLogikCucumber - ***** Enter Admin Details *****
[main] INFO MapLogikCucumber - ***** Launching Browers *****
[main] INFO MapLogikCucumber - ***** Opening URL *****
[main] INFO MapLogikCucumber - ***** Enter Admin Details *****
[main] INFO MapLogikCucumber - ***** Login into the page *****
[main] INFO MapLogikCucumber - ***** Clicking Skill Enhancement *****
[main] INFO MapLogikCucumber - ***** Clicking All Trainings *****
[main] INFO MapLogikCucumber - ***** Clicking Add New Training *****
[main] INFO MapLogikCucumber - ***** Entering Training Details *****
[main] INFO MapLogikCucumber - ***** Launching Browers *****
[main] INFO MapLogikCucumber - ***** Opening URL *****
[main] INFO MapLogikCucumber - ***** Launching Browers *****
[main] INFO MapLogikCucumber - ***** Opening URL *****
[main] INFO MapLogikCucumber - ***** Enter Admin Details *****
[main] INFO MapLogikCucumber - ***** Login into the page *****
[main] INFO MapLogikCucumber - ***** Clicking Skill Enhancement *****
[main] INFO MapLogikCucumber - ***** Clicking All Trainings *****
[main] INFO MapLogikCucumber - ***** Clicking Add New Training *****
[main] INFO MapLogikCucumber - ***** Entering Training Details *****
[main] INFO MapLogikCucumber - ***** Launching Browers *****
[main] INFO MapLogikCucumber - ***** Opening URL *****
[main] INFO MapLogikCucumber - ***** Launching Browers *****
[main] INFO MapLogikCucumber - ***** Opening URL *****
[main] INFO MapLogikCucumber - ***** Enter Admin Details *****
[main] INFO MapLogikCucumber - ***** Login into the page *****
[main] INFO MapLogikCucumber - ***** Clicking Skill Enhancement *****
[main] INFO MapLogikCucumber - ***** Clicking All Trainings *****
[main] INFO MapLogikCucumber - ***** Clicking Add New Training *****
[main] INFO MapLogikCucumber - ***** Entering Training Details *****
[main] INFO MapLogikCucumber - ***** Launching Browers *****
[main] INFO MapLogikCucumber - ***** Opening URL *****
[main] INFO MapLogikCucumber - ***** Enter Admin Details *****
[main] INFO MapLogikCucumber - ***** Launching Browers *****
[main] INFO MapLogikCucumber - ***** Opening URL *****
[main] INFO MapLogikCucumber - ***** Enter Admin Details *****
[main] INFO MapLogikCucumber - ***** Login into the page *****
[main] INFO MapLogikCucumber - ***** Clicking Skill Enhancement *****
[main] INFO MapLogikCucumber - ***** Clicking All Trainings *****
[main] INFO MapLogikCucumber - ***** Clicking Add New Training *****
[main] INFO MapLogikCucumber - ***** Entering Training Details *****
[main] INFO MapLogikCucumber - ***** Launching Browers *****
[main] INFO MapLogikCucumber - ***** Opening URL *****
[main] INFO MapLogikCucumber - ***** Launching Browers *****
[main] INFO MapLogikCucumber - ***** Opening URL *****
[main] INFO MapLogikCucumber - ***** Enter Admin Details *****
[main] INFO MapLogikCucumber - ***** Login into the page *****
[main] INFO MapLogikCucumber - ***** Clicking Skill Enhancement *****
[main] INFO MapLogikCucumber - ***** Clicking All Trainings *****
[main] INFO MapLogikCucumber - ***** Clicking Add New Training *****
[main] INFO MapLogikCucumber - ***** Entering Training Details *****
[main] INFO MapLogikCucumber - ***** Launching Browers *****
[main] INFO MapLogikCucumber - ***** Opening URL *****
[main] INFO MapLogikCucumber - ***** Enter Admin Details *****
[main] INFO MapLogikCucumber - ***** Login into the page *****
[main] INFO MapLogikCucumber - ***** Clicking Skill Enhancement *****
[main] INFO MapLogikCucumber - ***** Clicking All Trainings *****
[main] INFO MapLogikCucumber - ***** Clicking Add New Training *****
[main] INFO MapLogikCucumber - ***** Entering Training Details *****
[main] INFO MapLogikCucumber - ***** Save the Details *****
[main] INFO MapLogikCucumber - ***** Launching Browers *****
[main] INFO MapLogikCucumber - ***** Opening URL *****
[main] INFO MapLogikCucumber - ***** Enter Admin Details *****
[main] INFO MapLogikCucumber - ***** Login into the page *****
[main] INFO MapLogikCucumber - ***** Clicking Skill Enhancement *****
[main] INFO MapLogikCucumber - ***** Clicking All Trainings *****
[main] INFO MapLogikCucumber - ***** Clicking Add New Training *****
[main] INFO MapLogikCucumber - ***** Entering Training Details *****
[main] INFO MapLogikCucumber - ***** Save the Details *****
[main] INFO MapLogikCucumber - ***** Launching Browers *****
[main] INFO MapLogikCucumber - ***** Opening URL *****
[main] INFO MapLogikCucumber - ***** Enter Admin Details *****
[main] INFO MapLogikCucumber - ***** Login into the page *****
[main] INFO MapLogikCucumber - ***** Clicking Skill Enhancement *****
[main] INFO MapLogikCucumber - ***** Clicking All Trainings *****
[main] INFO MapLogikCucumber - ***** Clicking Add New Training *****
[main] INFO MapLogikCucumber - ***** Entering Training Details *****
[main] INFO MapLogikCucumber - ***** Save the Details *****
[main] INFO MapLogikCucumber - ***** Launching Browers *****
[main] INFO MapLogikCucumber - ***** Opening URL *****
[main] INFO MapLogikCucumber - ***** Enter Admin Details *****
[main] INFO MapLogikCucumber - ***** Login into the page *****
[main] INFO MapLogikCucumber - ***** Clicking Skill Enhancement *****
[main] INFO MapLogikCucumber - ***** Clicking All Trainings *****
[main] INFO MapLogikCucumber - ***** Clicking Add New Training *****
[main] INFO MapLogikCucumber - ***** Entering Training Details *****
[main] INFO MapLogikCucumber - ***** Save the Details *****
[main] INFO MapLogikCucumber - ***** Launching Browers *****
[main] INFO MapLogikCucumber - ***** Opening URL *****
[main] INFO MapLogikCucumber - ***** Enter Admin Details *****
[main] INFO MapLogikCucumber - ***** Login into the page *****
[main] INFO MapLogikCucumber - ***** Clicking Skill Enhancement *****
[main] INFO MapLogikCucumber - ***** Clicking All Trainings *****
[main] INFO MapLogikCucumber - ***** Clicking Add New Training *****
[main] INFO MapLogikCucumber - ***** Entering Training Details *****
[main] INFO MapLogikCucumber - ***** Save the Details *****
[main] INFO MapLogikCucumber - ***** Launching Browers *****
[main] INFO MapLogikCucumber - ***** Opening URL *****
[main] INFO MapLogikCucumber - ***** Enter Admin Details *****
[main] INFO MapLogikCucumber - ***** Login into the page *****
[main] INFO MapLogikCucumber - ***** Clicking Skill Enhancement *****
[main] INFO MapLogikCucumber - ***** Clicking All Trainings *****
[main] INFO MapLogikCucumber - ***** Clicking Add New Training *****
[main] INFO MapLogikCucumber - ***** Entering Training Details *****
[main] INFO MapLogikCucumber - ***** Save the Details *****
[main] INFO MapLogikCucumber - ***** Launching Browers *****
[main] INFO MapLogikCucumber - ***** Opening URL *****
[main] INFO MapLogikCucumber - ***** Enter Admin Details *****
[main] INFO MapLogikCucumber - ***** Login into the page *****
[main] INFO MapLogikCucumber - ***** Clicking Skill Enhancement *****
[main] INFO MapLogikCucumber - ***** Clicking All Trainings *****
[main] INFO MapLogikCucumber - ***** Clicking Add New Training *****
[main] INFO MapLogikCucumber - ***** Entering Training Details *****
[main] INFO MapLogikCucumber - ***** Save the Details *****
[main] INFO MapLogikCucumber - ***** Launching Browers *****
[main] INFO MapLogikCucumber - ***** Opening URL *****
[main] INFO MapLogikCucumber - ***** Enter Admin Details *****
[main] INFO MapLogikCucumber - ***** Login into the page *****
[main] INFO MapLogikCucumber - ***** Clicking Skill Enhancement *****
[main] INFO MapLogikCucumber - ***** Clicking All Trainings *****
[main] INFO MapLogikCucumber - ***** Clicking Add New Training *****
[main] INFO MapLogikCucumber - ***** Entering Training Details *****
[main] INFO MapLogikCucumber - ***** Save the Details *****
[main] INFO MapLogikCucumber - ***** Enter Training Video Details *****
[main] INFO MapLogikCucumber - ***** Launching Browers *****
[main] INFO MapLogikCucumber - ***** Opening URL *****
[main] INFO MapLogikCucumber - ***** Enter Admin Details *****
[main] INFO MapLogikCucumber - ***** Login into the page *****
[main] INFO MapLogikCucumber - ***** Clicking Skill Enhancement *****
[main] INFO MapLogikCucumber - ***** Clicking All Trainings *****
[main] INFO MapLogikCucumber - ***** Clicking Add New Training *****
[main] INFO MapLogikCucumber - ***** Entering Training Details *****
[main] INFO MapLogikCucumber - ***** Save the Details *****
[main] INFO MapLogikCucumber - ***** Enter Training Video Details *****
[main] INFO MapLogikCucumber - ***** Launching Browers *****
[main] INFO MapLogikCucumber - ***** Opening URL *****
[main] INFO MapLogikCucumber - ***** Enter Admin Details *****
[main] INFO MapLogikCucumber - ***** Login into the page *****
[main] INFO MapLogikCucumber - ***** Clicking Skill Enhancement *****
[main] INFO MapLogikCucumber - ***** Clicking All Trainings *****
[main] INFO MapLogikCucumber - ***** Clicking Add New Training *****
[main] INFO MapLogikCucumber - ***** Entering Training Details *****
[main] INFO MapLogikCucumber - ***** Save the Details *****
[main] INFO MapLogikCucumber - ***** Enter Training Video Details *****
[main] INFO MapLogikCucumber - ***** Launching Browers *****
[main] INFO MapLogikCucumber - ***** Opening URL *****
[main] INFO MapLogikCucumber - ***** Enter Admin Details *****
[main] INFO MapLogikCucumber - ***** Login into the page *****
[main] INFO MapLogikCucumber - ***** Clicking Skill Enhancement *****
[main] INFO MapLogikCucumber - ***** Clicking All Trainings *****
[main] INFO MapLogikCucumber - ***** Clicking Add New Training *****
[main] INFO MapLogikCucumber - ***** Entering Training Details *****
[main] INFO MapLogikCucumber - ***** Save the Details *****
[main] INFO MapLogikCucumber - ***** Launching Browers *****
[main] INFO MapLogikCucumber - ***** Opening URL *****
[main] INFO MapLogikCucumber - ***** Enter Admin Details *****
[main] INFO MapLogikCucumber - ***** Login into the page *****
[main] INFO MapLogikCucumber - ***** Clicking Skill Enhancement *****
[main] INFO MapLogikCucumber - ***** Clicking All Trainings *****
[main] INFO MapLogikCucumber - ***** Clicking Add New Training *****
[main] INFO MapLogikCucumber - ***** Entering Training Details *****
[main] INFO MapLogikCucumber - ***** Save the Details *****
[main] INFO MapLogikCucumber - ***** Launching Browers *****
[main] INFO MapLogikCucumber - ***** Opening URL *****
[main] INFO MapLogikCucumber - ***** Enter Admin Details *****
[main] INFO MapLogikCucumber - ***** Login into the page *****
[main] INFO MapLogikCucumber - ***** Clicking Skill Enhancement *****
[main] INFO MapLogikCucumber - ***** Clicking All Trainings *****
[main] INFO MapLogikCucumber - ***** Clicking Add New Training *****
[main] INFO MapLogikCucumber - ***** Entering Training Details *****
[main] INFO MapLogikCucumber - ***** Save the Details *****
[main] INFO MapLogikCucumber - ***** Launching Browers *****
[main] INFO MapLogikCucumber - ***** Opening URL *****
[main] INFO MapLogikCucumber - ***** Enter Admin Details *****
[main] INFO MapLogikCucumber - ***** Login into the page *****
[main] INFO MapLogikCucumber - ***** Clicking Skill Enhancement *****
[main] INFO MapLogikCucumber - ***** Clicking All Trainings *****
[main] INFO MapLogikCucumber - ***** Clicking Add New Training *****
[main] INFO MapLogikCucumber - ***** Entering Training Details *****
[main] INFO MapLogikCucumber - ***** Save the Details *****
[main] INFO MapLogikCucumber - ***** Launching Browers *****
[main] INFO MapLogikCucumber - ***** Opening URL *****
[main] INFO MapLogikCucumber - ***** Enter Admin Details *****
[main] INFO MapLogikCucumber - ***** Login into the page *****
[main] INFO MapLogikCucumber - ***** Clicking Skill Enhancement *****
[main] INFO MapLogikCucumber - ***** Clicking All Trainings *****
[main] INFO MapLogikCucumber - ***** Clicking Add New Training *****
[main] INFO MapLogikCucumber - ***** Entering Training Details *****
[main] INFO MapLogikCucumber - ***** Save the Details *****
[main] INFO MapLogikCucumber - ***** Launching Browers *****
[main] INFO MapLogikCucumber - ***** Opening URL *****
[main] INFO MapLogikCucumber - ***** Enter Admin Details *****
[main] INFO MapLogikCucumber - ***** Login into the page *****
[main] INFO MapLogikCucumber - ***** Clicking Skill Enhancement *****
[main] INFO MapLogikCucumber - ***** Clicking All Trainings *****
[main] INFO MapLogikCucumber - ***** Clicking Add New Training *****
[main] INFO MapLogikCucumber - ***** Entering Training Details *****
[main] INFO MapLogikCucumber - ***** Save the Details *****
[main] INFO MapLogikCucumber - ***** Launching Browers *****
[main] INFO MapLogikCucumber - ***** Opening URL *****
[main] INFO MapLogikCucumber - ***** Enter Admin Details *****
[main] INFO MapLogikCucumber - ***** Login into the page *****
[main] INFO MapLogikCucumber - ***** Clicking Skill Enhancement *****
[main] INFO MapLogikCucumber - ***** Clicking All Trainings *****
[main] INFO MapLogikCucumber - ***** Clicking Add New Training *****
[main] INFO MapLogikCucumber - ***** Entering Training Details *****
[main] INFO MapLogikCucumber - ***** Save the Details *****
[main] INFO MapLogikCucumber - ***** Launching Browers *****
[main] INFO MapLogikCucumber - ***** Opening URL *****
[main] INFO MapLogikCucumber - ***** Enter Admin Details *****
[main] INFO MapLogikCucumber - ***** Login into the page *****
[main] INFO MapLogikCucumber - ***** Clicking Skill Enhancement *****
[main] INFO MapLogikCucumber - ***** Clicking All Trainings *****
[main] INFO MapLogikCucumber - ***** Clicking Add New Training *****
[main] INFO MapLogikCucumber - ***** Entering Training Details *****
[main] INFO MapLogikCucumber - ***** Save the Details *****
[main] INFO MapLogikCucumber - ***** Launching Browers *****
[main] INFO MapLogikCucumber - ***** Opening URL *****
[main] INFO MapLogikCucumber - ***** Enter Admin Details *****
[main] INFO MapLogikCucumber - ***** Login into the page *****
[main] INFO MapLogikCucumber - ***** Clicking Skill Enhancement *****
[main] INFO MapLogikCucumber - ***** Clicking All Trainings *****
[main] INFO MapLogikCucumber - ***** Clicking Add New Training *****
[main] INFO MapLogikCucumber - ***** Entering Training Details *****
[main] INFO MapLogikCucumber - ***** Save the Details *****
[main] INFO MapLogikCucumber - ***** Launching Browers *****
[main] INFO MapLogikCucumber - ***** Opening URL *****
[main] INFO MapLogikCucumber - ***** Enter Admin Details *****
[main] INFO MapLogikCucumber - ***** Login into the page *****
[main] INFO MapLogikCucumber - ***** Clicking Skill Enhancement *****
[main] INFO MapLogikCucumber - ***** Clicking All Trainings *****
[main] INFO MapLogikCucumber - ***** Clicking Add New Training *****
[main] INFO MapLogikCucumber - ***** Entering Training Details *****
[main] INFO MapLogikCucumber - ***** Save the Details *****
[main] INFO MapLogikCucumber - ***** Launching Browers *****
[main] INFO MapLogikCucumber - ***** Opening URL *****
[main] INFO MapLogikCucumber - ***** Enter Admin Details *****
[main] INFO MapLogikCucumber - ***** Login into the page *****
[main] INFO MapLogikCucumber - ***** Clicking Skill Enhancement *****
[main] INFO MapLogikCucumber - ***** Clicking All Trainings *****
[main] INFO MapLogikCucumber - ***** Clicking Add New Training *****
[main] INFO MapLogikCucumber - ***** Entering Training Details *****
[main] INFO MapLogikCucumber - ***** Save the Details *****
